<?xml version="1.0" encoding="UTF-8"?>
<!-- Generated by org.testng.reporters.JUnitReportReporter -->
<testsuite hostname="silentaki" name="com.selenium.build.com.testcases.addToCart" tests="1" failures="0" timestamp="8 Feb 2017 18:08:58 GMT" time="135.178" errors="0">
  <testcase name="doaddToCartTest" time="135.178" classname="com.selenium.build.com.testcases.addToCart"/>
</testsuite> <!-- com.selenium.build.com.testcases.addToCart -->
